#-----------------------------------------------------------
# Vivado v2019.1 (64-bit)
# SW Build 2552052 on Fri May 24 14:49:42 MDT 2019
# IP Build 2548770 on Fri May 24 18:01:18 MDT 2019
# Start of session at: Thu Jun 13 16:44:43 2024
# Process ID: 33548
# Current directory: D:/Xilinx/Verilog/MMU_240607
# Command line: vivado.exe -gui_launcher_event rodinguilauncherevent30780 D:\Xilinx\Verilog\MMU_240607\MMU_240607.xpr
# Log file: D:/Xilinx/Verilog/MMU_240607/vivado.log
# Journal file: D:/Xilinx/Verilog/MMU_240607\vivado.jou
#-----------------------------------------------------------
start_gui
open_project D:/Xilinx/Verilog/MMU_240607/MMU_240607.xpr
Scanning sources...
Finished scanning sources
INFO: [IP_Flow 19-234] Refreshing IP repositories
INFO: [IP_Flow 19-1704] No user IP repositories specified
INFO: [IP_Flow 19-2313] Loaded Vivado IP repository 'D:/Xilinx/Vivado/2019.1/data/ip'.
open_project: Time (s): cpu = 00:00:14 ; elapsed = 00:00:06 . Memory (MB): peak = 879.281 ; gain = 165.254
update_compile_order -fileset sources_1
add_files -norecurse {D:/Xilinx/Verilog/MMU_240607/MMU_240607.srcs/sources_1/new/cMutexMerge2_32b.v D:/Xilinx/Verilog/MMU_240607/MMU_240607.srcs/sources_1/new/cCondFork3.v D:/Xilinx/Verilog/MMU_240607/MMU_240607.srcs/sources_1/new/dff_60.v D:/Xilinx/Verilog/MMU_240607/MMU_240607.srcs/sources_1/new/dff_33.v D:/Xilinx/Verilog/MMU_240607/MMU_240607.srcs/sources_1/new/dff_34.v}
update_compile_order -fileset sources_1
export_ip_user_files -of_objects  [get_files D:/Xilinx/Verilog/MMU_240607/MMU_240607.srcs/sources_1/new/cMutexMerge2_33b.v] -no_script -reset -force -quiet
remove_files  D:/Xilinx/Verilog/MMU_240607/MMU_240607.srcs/sources_1/new/cMutexMerge2_33b.v
file delete -force D:/Xilinx/Verilog/MMU_240607/MMU_240607.srcs/sources_1/new/cMutexMerge2_33b.v
export_ip_user_files -of_objects  [get_files D:/Xilinx/Verilog/MMU_240607/MMU_240607.srcs/sources_1/new/cMutexMerge3_35.v] -no_script -reset -force -quiet
remove_files  D:/Xilinx/Verilog/MMU_240607/MMU_240607.srcs/sources_1/new/cMutexMerge3_35.v
file delete -force D:/Xilinx/Verilog/MMU_240607/MMU_240607.srcs/sources_1/new/cMutexMerge3_35.v
add_files -norecurse {D:/Xilinx/Verilog/MMU_240607/MMU_240607.srcs/sources_1/new/cCopyFork2.v D:/Xilinx/Verilog/MMU_240607/MMU_240607.srcs/sources_1/new/cMutexMerge2_35b.v}
update_compile_order -fileset sources_1
add_files -norecurse D:/Xilinx/Verilog/MMU_240607/MMU_240607.srcs/sources_1/new/cMutexMerge2_35b.v
WARNING: [filemgmt 56-12] File 'D:/Xilinx/Verilog/MMU_240607/MMU_240607.srcs/sources_1/new/cMutexMerge2_35b.v' cannot be added to the project because it already exists in the project, skipping this file
add_files -norecurse D:/Xilinx/Verilog/MMU_240607/MMU_240607.srcs/sources_1/new/cMutexMerge2_35b.v
WARNING: [filemgmt 56-12] File 'D:/Xilinx/Verilog/MMU_240607/MMU_240607.srcs/sources_1/new/cMutexMerge2_35b.v' cannot be added to the project because it already exists in the project, skipping this file
export_ip_user_files -of_objects  [get_files D:/Xilinx/Verilog/MMU_240607/MMU_240607.srcs/sources_1/new/cMutexMerge2_32b.v] -no_script -reset -force -quiet
remove_files  D:/Xilinx/Verilog/MMU_240607/MMU_240607.srcs/sources_1/new/cMutexMerge2_32b.v
file delete -force D:/Xilinx/Verilog/MMU_240607/MMU_240607.srcs/sources_1/new/cMutexMerge2_32b.v
add_files -norecurse D:/Xilinx/Verilog/MMU_240607/MMU_240607.srcs/sources_1/new/cMutexMerge2_35b.v
WARNING: [filemgmt 56-12] File 'D:/Xilinx/Verilog/MMU_240607/MMU_240607.srcs/sources_1/new/cMutexMerge2_35b.v' cannot be added to the project because it already exists in the project, skipping this file
add_files -norecurse D:/Xilinx/Verilog/MMU_240607/MMU_240607.srcs/sources_1/new/cMutexMerge2_35b.v
WARNING: [filemgmt 56-12] File 'D:/Xilinx/Verilog/MMU_240607/MMU_240607.srcs/sources_1/new/cMutexMerge2_35b.v' cannot be added to the project because it already exists in the project, skipping this file
exit
INFO: [Common 17-206] Exiting Vivado at Fri Jun 14 18:42:37 2024...
