INFO: [VRFC 10-2263] Analyzing Verilog file "D:/Xilinx/Verilog/MMU_240607/MMU_240607.sim/sim_1/impl/timing/xsim/mutex3_2b_tb_time_impl.v" into library xil_defaultlib
INFO: [VRFC 10-311] analyzing module IBUF_UNIQ_BASE_
INFO: [VRFC 10-311] analyzing module IBUF_HD519
INFO: [VRFC 10-311] analyzing module IBUF_HD520
INFO: [VRFC 10-311] analyzing module IBUF_HD521
INFO: [VRFC 10-311] analyzing module IBUF_HD522
INFO: [VRFC 10-311] analyzing module IBUF_HD523
INFO: [VRFC 10-311] analyzing module IBUF_HD524
INFO: [VRFC 10-311] analyzing module IBUF_HD525
INFO: [VRFC 10-311] analyzing module IBUF_HD526
INFO: [VRFC 10-311] analyzing module IBUF_HD527
INFO: [VRFC 10-311] analyzing module IBUF_HD528
INFO: [VRFC 10-311] analyzing module cFifo1
INFO: [VRFC 10-311] analyzing module cFifo1_0
INFO: [VRFC 10-311] analyzing module cFifo1_1
INFO: [VRFC 10-311] analyzing module cMutexMerge3_2b
INFO: [VRFC 10-311] analyzing module contTap
INFO: [VRFC 10-311] analyzing module contTap__1
INFO: [VRFC 10-311] analyzing module contTap__2
INFO: [VRFC 10-311] analyzing module delay1U
INFO: [VRFC 10-311] analyzing module delay1U__1
INFO: [VRFC 10-311] analyzing module delay1U__2
INFO: [VRFC 10-311] analyzing module delay1Unit
INFO: [VRFC 10-311] analyzing module delay1Unit__1
INFO: [VRFC 10-311] analyzing module delay1Unit__2
INFO: [VRFC 10-311] analyzing module delay1Unit__3
INFO: [VRFC 10-311] analyzing module delay1Unit__4
INFO: [VRFC 10-311] analyzing module receiver
INFO: [VRFC 10-311] analyzing module receiver__1
INFO: [VRFC 10-311] analyzing module receiver__2
INFO: [VRFC 10-311] analyzing module relay
INFO: [VRFC 10-311] analyzing module relay__1
INFO: [VRFC 10-311] analyzing module relay__2
INFO: [VRFC 10-311] analyzing module sender
INFO: [VRFC 10-311] analyzing module sender__1
INFO: [VRFC 10-311] analyzing module sender__2
INFO: [VRFC 10-311] analyzing module glbl
INFO: [VRFC 10-2263] Analyzing Verilog file "D:/Xilinx/Verilog/MMU_240607/MMU_240607.srcs/sim_1/new/mutex3_2b_tb.v" into library xil_defaultlib
INFO: [VRFC 10-311] analyzing module mutex3_2b_tb
