INFO: [VRFC 10-2263] Analyzing Verilog file "D:/Xilinx/Verilog/MMU_240607/MMU_240607.sim/sim_1/synth/timing/xsim/cMutexMerge3_1b_tb_time_synth.v" into library xil_defaultlib
INFO: [VRFC 10-311] analyzing module IBUF_UNIQ_BASE_
INFO: [VRFC 10-311] analyzing module IBUF_HD589
INFO: [VRFC 10-311] analyzing module IBUF_HD590
INFO: [VRFC 10-311] analyzing module IBUF_HD591
INFO: [VRFC 10-311] analyzing module IBUF_HD592
INFO: [VRFC 10-311] analyzing module IBUF_HD593
INFO: [VRFC 10-311] analyzing module IBUF_HD594
INFO: [VRFC 10-311] analyzing module IBUF_HD595
INFO: [VRFC 10-311] analyzing module cFifo1
INFO: [VRFC 10-311] analyzing module cFifo1_0
INFO: [VRFC 10-311] analyzing module cFifo1_1
INFO: [VRFC 10-311] analyzing module cMutexMerge3_1b
INFO: [VRFC 10-311] analyzing module contTap
INFO: [VRFC 10-311] analyzing module contTap__1
INFO: [VRFC 10-311] analyzing module contTap__2
INFO: [VRFC 10-311] analyzing module delay1U
INFO: [VRFC 10-311] analyzing module delay1U__1
INFO: [VRFC 10-311] analyzing module delay1U__2
INFO: [VRFC 10-311] analyzing module delay1Unit
INFO: [VRFC 10-311] analyzing module delay1Unit__1
INFO: [VRFC 10-311] analyzing module delay1Unit__2
INFO: [VRFC 10-311] analyzing module delay1Unit__3
INFO: [VRFC 10-311] analyzing module delay1Unit__4
INFO: [VRFC 10-311] analyzing module delay1Unit__5
INFO: [VRFC 10-311] analyzing module delay1Unit__6
INFO: [VRFC 10-311] analyzing module delay2Unit
INFO: [VRFC 10-311] analyzing module delay2Unit__1
INFO: [VRFC 10-311] analyzing module receiver
INFO: [VRFC 10-311] analyzing module receiver__1
INFO: [VRFC 10-311] analyzing module receiver__2
INFO: [VRFC 10-311] analyzing module relay
INFO: [VRFC 10-311] analyzing module relay__1
INFO: [VRFC 10-311] analyzing module relay__2
INFO: [VRFC 10-311] analyzing module sender
INFO: [VRFC 10-311] analyzing module sender_2
INFO: [VRFC 10-311] analyzing module sender_3
INFO: [VRFC 10-311] analyzing module glbl
INFO: [VRFC 10-2263] Analyzing Verilog file "D:/Xilinx/Verilog/MMU_240607/MMU_240607.srcs/sources_1/new/cMutexMerge3_1b_tb.v" into library xil_defaultlib
INFO: [VRFC 10-311] analyzing module cMutexMerge3_1b_tb
