#! /usr/local/iverilog/bin/vvp
:ivl_version "11.0 (devel)" "(s20150603-642-g3bdb50da)";
:ivl_delay_selection "TYPICAL";
:vpi_time_precision - 12;
:vpi_module "system";
:vpi_module "vhdl_sys";
:vpi_module "vhdl_textio";
:vpi_module "v2005_math";
:vpi_module "va_math";
S_000000000104df60 .scope module, "dff_60" "dff_60" 2 23;
 .timescale -9 -12;
    .port_info 0 /INPUT 30 "d";
    .port_info 1 /INPUT 1 "fire";
    .port_info 2 /INPUT 1 "rst";
    .port_info 3 /OUTPUT 30 "q";
o00000000010831f8 .functor BUFZ 30, C4<zzzzzzzzzzzzzzzzzzzzzzzzzzzzzz>; HiZ drive
v000000000104e0f0_0 .net "d", 29 0, o00000000010831f8;  0 drivers
o0000000001083228 .functor BUFZ 1, C4<z>; HiZ drive
v000000000104e190_0 .net "fire", 0 0, o0000000001083228;  0 drivers
v000000000104daa0_0 .var "q", 29 0;
o0000000001083288 .functor BUFZ 1, C4<z>; HiZ drive
v000000000104db40_0 .net "rst", 0 0, o0000000001083288;  0 drivers
E_0000000001046650 .event posedge, v000000000104db40_0, v000000000104e190_0;
    .scope S_000000000104df60;
T_0 ;
    %wait E_0000000001046650;
    %load/vec4 v000000000104db40_0;
    %pad/u 32;
    %cmpi/e 0, 0, 32;
    %jmp/0xz  T_0.0, 4;
    %pushi/vec4 0, 0, 30;
    %store/vec4 v000000000104daa0_0, 0, 30;
    %jmp T_0.1;
T_0.0 ;
    %load/vec4 v000000000104e0f0_0;
    %store/vec4 v000000000104daa0_0, 0, 30;
T_0.1 ;
    %jmp T_0;
    .thread T_0;
# The file index is used to find the file name in the following table.
:file_names 3;
    "N/A";
    "<interactive>";
    "dff_60.v";
