#! /usr/local/iverilog/bin/vvp
:ivl_version "11.0 (devel)" "(s20150603-642-g3bdb50da)";
:ivl_delay_selection "TYPICAL";
:vpi_time_precision - 12;
:vpi_module "system";
:vpi_module "vhdl_sys";
:vpi_module "vhdl_textio";
:vpi_module "v2005_math";
:vpi_module "va_math";
S_00000000011edf60 .scope module, "pte_check" "pte_check" 2 23;
 .timescale -9 -12;
    .port_info 0 /INPUT 32 "pte_32";
    .port_info 1 /INPUT 2 "mode";
    .port_info 2 /INPUT 2 "type";
    .port_info 3 /INPUT 1 "SUM";
    .port_info 4 /INPUT 1 "MXR";
    .port_info 5 /INPUT 1 "rst";
    .port_info 6 /OUTPUT 3 "valid";
    .port_info 7 /OUTPUT 32 "pteout_32";
o00000000010ab118 .functor BUFZ 32, C4<zzzzzzzzzzzzzzzzzzzzzzzzzzzzzzzz>; HiZ drive
L_0000000001096080 .functor BUFZ 32, o00000000010ab118, C4<00000000000000000000000000000000>, C4<00000000000000000000000000000000>, C4<00000000000000000000000000000000>;
o00000000010aaf98 .functor BUFZ 1, C4<z>; HiZ drive
v000000000109ae90_0 .net "MXR", 0 0, o00000000010aaf98;  0 drivers
v00000000010f8030_0 .net "R", 0 0, L_00000000010a0b60;  1 drivers
o00000000010aaff8 .functor BUFZ 1, C4<z>; HiZ drive
v00000000010f80d0_0 .net "SUM", 0 0, o00000000010aaff8;  0 drivers
v00000000010a0d40_0 .net "U", 0 0, L_00000000010a0e80;  1 drivers
v00000000010a0660_0 .net "V", 0 0, L_00000000010a0700;  1 drivers
v00000000010a08e0_0 .net "W", 0 0, L_00000000010a0ac0;  1 drivers
v00000000010a0980_0 .net "X", 0 0, L_00000000010a0c00;  1 drivers
o00000000010ab0e8 .functor BUFZ 2, C4<zz>; HiZ drive
v00000000010a1240_0 .net "mode", 1 0, o00000000010ab0e8;  0 drivers
v00000000010a03e0_0 .net "pte_32", 31 0, o00000000010ab118;  0 drivers
v00000000010a0480_0 .net "pteout_32", 31 0, L_0000000001096080;  1 drivers
o00000000010ab178 .functor BUFZ 1, C4<z>; HiZ drive
v00000000010a05c0_0 .net "rst", 0 0, o00000000010ab178;  0 drivers
v00000000010a0a20_0 .net "sel", 5 0, L_00000000010a0fc0;  1 drivers
v00000000010a0840_0 .net "selU", 3 0, L_00000000010a0f20;  1 drivers
o00000000010ab208 .functor BUFZ 2, C4<zz>; HiZ drive
v00000000010a0520_0 .net "type", 1 0, o00000000010ab208;  0 drivers
v00000000010a11a0_0 .var "valid", 2 0;
v00000000010a12e0_0 .var "valid0", 2 0;
v00000000010a0de0_0 .var "valid1", 2 0;
E_0000000001097be0/0 .event edge, v00000000010a0840_0, v00000000010a0660_0, v00000000010f8030_0, v00000000010a08e0_0;
E_0000000001097be0/1 .event edge, v00000000010a0980_0, v00000000010a0a20_0, v00000000010a0de0_0, v00000000010a12e0_0;
E_0000000001097be0 .event/or E_0000000001097be0/0, E_0000000001097be0/1;
L_00000000010a0e80 .part o00000000010ab118, 4, 1;
L_00000000010a0c00 .part o00000000010ab118, 3, 1;
L_00000000010a0ac0 .part o00000000010ab118, 2, 1;
L_00000000010a0b60 .part o00000000010ab118, 1, 1;
L_00000000010a0700 .part o00000000010ab118, 0, 1;
L_00000000010a0f20 .concat [ 1 2 1 0], o00000000010aaff8, o00000000010ab0e8, L_00000000010a0e80;
LS_00000000010a0fc0_0_0 .concat [ 2 1 1 1], o00000000010ab208, o00000000010aaf98, L_00000000010a0b60, L_00000000010a0ac0;
LS_00000000010a0fc0_0_4 .concat [ 1 0 0 0], L_00000000010a0c00;
L_00000000010a0fc0 .concat [ 5 1 0 0], LS_00000000010a0fc0_0_0, LS_00000000010a0fc0_0_4;
S_00000000011ee0f0 .scope begin, "check" "check" 2 49, 2 49 0, S_00000000011edf60;
 .timescale -9 -12;
    .scope S_00000000011edf60;
T_0 ;
    %wait E_0000000001097be0;
    %fork t_1, S_00000000011ee0f0;
    %jmp t_0;
    .scope S_00000000011ee0f0;
t_1 ;
    %load/vec4 v00000000010a0840_0;
    %dup/vec4;
    %pushi/vec4 0, 0, 4;
    %cmp/u;
    %jmp/1 T_0.0, 6;
    %dup/vec4;
    %pushi/vec4 1, 0, 4;
    %cmp/u;
    %jmp/1 T_0.1, 6;
    %dup/vec4;
    %pushi/vec4 10, 0, 4;
    %cmp/u;
    %jmp/1 T_0.2, 6;
    %pushi/vec4 1, 0, 3;
    %store/vec4 v00000000010a12e0_0, 0, 3;
    %jmp T_0.4;
T_0.0 ;
    %pushi/vec4 4, 0, 3;
    %store/vec4 v00000000010a12e0_0, 0, 3;
    %jmp T_0.4;
T_0.1 ;
    %pushi/vec4 4, 0, 3;
    %store/vec4 v00000000010a12e0_0, 0, 3;
    %jmp T_0.4;
T_0.2 ;
    %pushi/vec4 4, 0, 3;
    %store/vec4 v00000000010a12e0_0, 0, 3;
    %jmp T_0.4;
T_0.4 ;
    %pop/vec4 1;
    %load/vec4 v00000000010a0660_0;
    %nor/r;
    %flag_set/vec4 8;
    %load/vec4 v00000000010f8030_0;
    %pad/u 32;
    %pushi/vec4 0, 0, 32;
    %cmp/e;
    %flag_get/vec4 4;
    %load/vec4 v00000000010a08e0_0;
    %pad/u 32;
    %pushi/vec4 1, 0, 32;
    %cmp/e;
    %flag_get/vec4 4;
    %and;
    %flag_set/vec4 9;
    %flag_or 9, 8;
    %jmp/0xz  T_0.5, 9;
    %pushi/vec4 4, 0, 3;
    %store/vec4 v00000000010a0de0_0, 0, 3;
    %jmp T_0.6;
T_0.5 ;
    %load/vec4 v00000000010a08e0_0;
    %load/vec4 v00000000010a0980_0;
    %cmp/e;
    %flag_get/vec4 4;
    %load/vec4 v00000000010a0980_0;
    %load/vec4 v00000000010f8030_0;
    %cmp/e;
    %flag_get/vec4 4;
    %and;
    %load/vec4 v00000000010a08e0_0;
    %pad/u 32;
    %pushi/vec4 0, 0, 32;
    %cmp/e;
    %flag_get/vec4 4;
    %and;
    %flag_set/vec4 8;
    %jmp/0xz  T_0.7, 8;
    %pushi/vec4 2, 0, 3;
    %store/vec4 v00000000010a0de0_0, 0, 3;
    %jmp T_0.8;
T_0.7 ;
    %load/vec4 v00000000010a0a20_0;
    %dup/vec4;
    %pushi/vec4 0, 0, 6;
    %cmp/u;
    %jmp/1 T_0.9, 6;
    %dup/vec4;
    %pushi/vec4 32, 0, 6;
    %cmp/u;
    %jmp/1 T_0.10, 6;
    %dup/vec4;
    %pushi/vec4 4, 0, 6;
    %cmp/u;
    %jmp/1 T_0.11, 6;
    %dup/vec4;
    %pushi/vec4 20, 0, 6;
    %cmp/u;
    %jmp/1 T_0.12, 6;
    %dup/vec4;
    %pushi/vec4 1, 0, 6;
    %cmp/u;
    %jmp/1 T_0.13, 6;
    %dup/vec4;
    %pushi/vec4 45, 0, 6;
    %cmp/u;
    %jmp/1 T_0.14, 6;
    %dup/vec4;
    %pushi/vec4 5, 0, 6;
    %cmp/u;
    %jmp/1 T_0.15, 6;
    %dup/vec4;
    %pushi/vec4 9, 0, 6;
    %cmp/u;
    %jmp/1 T_0.16, 6;
    %dup/vec4;
    %pushi/vec4 13, 0, 6;
    %cmp/u;
    %jmp/1 T_0.17, 6;
    %dup/vec4;
    %pushi/vec4 33, 0, 6;
    %cmp/u;
    %jmp/1 T_0.18, 6;
    %dup/vec4;
    %pushi/vec4 37, 0, 6;
    %cmp/u;
    %jmp/1 T_0.19, 6;
    %dup/vec4;
    %pushi/vec4 41, 0, 6;
    %cmp/u;
    %jmp/1 T_0.20, 6;
    %dup/vec4;
    %pushi/vec4 2, 0, 6;
    %cmp/u;
    %jmp/1 T_0.21, 6;
    %dup/vec4;
    %pushi/vec4 6, 0, 6;
    %cmp/u;
    %jmp/1 T_0.22, 6;
    %dup/vec4;
    %pushi/vec4 10, 0, 6;
    %cmp/u;
    %jmp/1 T_0.23, 6;
    %dup/vec4;
    %pushi/vec4 14, 0, 6;
    %cmp/u;
    %jmp/1 T_0.24, 6;
    %dup/vec4;
    %pushi/vec4 26, 0, 6;
    %cmp/u;
    %jmp/1 T_0.25, 6;
    %dup/vec4;
    %pushi/vec4 30, 0, 6;
    %cmp/u;
    %jmp/1 T_0.26, 6;
    %pushi/vec4 1, 0, 3;
    %store/vec4 v00000000010a0de0_0, 0, 3;
    %jmp T_0.28;
T_0.9 ;
    %pushi/vec4 4, 0, 3;
    %store/vec4 v00000000010a0de0_0, 0, 3;
    %jmp T_0.28;
T_0.10 ;
    %pushi/vec4 4, 0, 3;
    %store/vec4 v00000000010a0de0_0, 0, 3;
    %jmp T_0.28;
T_0.11 ;
    %pushi/vec4 4, 0, 3;
    %store/vec4 v00000000010a0de0_0, 0, 3;
    %jmp T_0.28;
T_0.12 ;
    %pushi/vec4 4, 0, 3;
    %store/vec4 v00000000010a0de0_0, 0, 3;
    %jmp T_0.28;
T_0.13 ;
    %pushi/vec4 4, 0, 3;
    %store/vec4 v00000000010a0de0_0, 0, 3;
    %jmp T_0.28;
T_0.14 ;
    %pushi/vec4 4, 0, 3;
    %store/vec4 v00000000010a0de0_0, 0, 3;
    %jmp T_0.28;
T_0.15 ;
    %pushi/vec4 4, 0, 3;
    %store/vec4 v00000000010a0de0_0, 0, 3;
    %jmp T_0.28;
T_0.16 ;
    %pushi/vec4 4, 0, 3;
    %store/vec4 v00000000010a0de0_0, 0, 3;
    %jmp T_0.28;
T_0.17 ;
    %pushi/vec4 4, 0, 3;
    %store/vec4 v00000000010a0de0_0, 0, 3;
    %jmp T_0.28;
T_0.18 ;
    %pushi/vec4 4, 0, 3;
    %store/vec4 v00000000010a0de0_0, 0, 3;
    %jmp T_0.28;
T_0.19 ;
    %pushi/vec4 4, 0, 3;
    %store/vec4 v00000000010a0de0_0, 0, 3;
    %jmp T_0.28;
T_0.20 ;
    %pushi/vec4 4, 0, 3;
    %store/vec4 v00000000010a0de0_0, 0, 3;
    %jmp T_0.28;
T_0.21 ;
    %pushi/vec4 4, 0, 3;
    %store/vec4 v00000000010a0de0_0, 0, 3;
    %jmp T_0.28;
T_0.22 ;
    %pushi/vec4 4, 0, 3;
    %store/vec4 v00000000010a0de0_0, 0, 3;
    %jmp T_0.28;
T_0.23 ;
    %pushi/vec4 4, 0, 3;
    %store/vec4 v00000000010a0de0_0, 0, 3;
    %jmp T_0.28;
T_0.24 ;
    %pushi/vec4 4, 0, 3;
    %store/vec4 v00000000010a0de0_0, 0, 3;
    %jmp T_0.28;
T_0.25 ;
    %pushi/vec4 4, 0, 3;
    %store/vec4 v00000000010a0de0_0, 0, 3;
    %jmp T_0.28;
T_0.26 ;
    %pushi/vec4 4, 0, 3;
    %store/vec4 v00000000010a0de0_0, 0, 3;
    %jmp T_0.28;
T_0.28 ;
    %pop/vec4 1;
T_0.8 ;
T_0.6 ;
    %load/vec4 v00000000010a0de0_0;
    %parti/s 1, 1, 2;
    %pad/u 32;
    %cmpi/e 1, 0, 32;
    %jmp/0xz  T_0.29, 4;
    %pushi/vec4 2, 0, 3;
    %store/vec4 v00000000010a11a0_0, 0, 3;
    %jmp T_0.30;
T_0.29 ;
    %load/vec4 v00000000010a12e0_0;
    %parti/s 1, 2, 3;
    %pad/u 32;
    %cmpi/e 1, 0, 32;
    %flag_mov 8, 4;
    %load/vec4 v00000000010a0de0_0;
    %parti/s 1, 2, 3;
    %pad/u 32;
    %cmpi/e 1, 0, 32;
    %flag_or 4, 8;
    %jmp/0xz  T_0.31, 4;
    %pushi/vec4 4, 0, 3;
    %store/vec4 v00000000010a11a0_0, 0, 3;
    %jmp T_0.32;
T_0.31 ;
    %load/vec4 v00000000010a12e0_0;
    %parti/s 1, 0, 2;
    %pad/u 32;
    %cmpi/e 1, 0, 32;
    %flag_mov 8, 4;
    %load/vec4 v00000000010a0de0_0;
    %parti/s 1, 0, 2;
    %pad/u 32;
    %cmpi/e 1, 0, 32;
    %flag_or 4, 8;
    %jmp/0xz  T_0.33, 4;
    %pushi/vec4 1, 0, 3;
    %store/vec4 v00000000010a11a0_0, 0, 3;
    %jmp T_0.34;
T_0.33 ;
    %pushi/vec4 0, 0, 3;
    %store/vec4 v00000000010a11a0_0, 0, 3;
T_0.34 ;
T_0.32 ;
T_0.30 ;
    %end;
    .scope S_00000000011edf60;
t_0 %join;
    %jmp T_0;
    .thread T_0, $push;
# The file index is used to find the file name in the following table.
:file_names 3;
    "N/A";
    "<interactive>";
    "pte_check.v";
